<?xml version="1.0" encoding="UTF-8"?>
<!-- Generated by org.testng.reporters.JUnitXMLReporter -->
<testsuite hostname="DESKTOP-O4HFI41" name="Default test" tests="48" failures="0" timestamp="18 Sep 2019 00:07:34 GMT" time="0.384" errors="0">
  <testcase name="testAgregarBusCapacidadInvalida" time="0.01" classname="co.edu.icesi.miniproyecto.test.PruebasConMocks"/>
  <testcase name="testAgregarBusCapacidadInvalida" time="0.01" classname="co.edu.icesi.miniproyecto.test.PruebasConMocks"/>
  <testcase name="testAgregarBusCapacidadValida" time="0.017" classname="co.edu.icesi.miniproyecto.test.PruebasConMocks"/>
  <testcase name="testAgregarBusCapacidadValida" time="0.017" classname="co.edu.icesi.miniproyecto.test.PruebasConMocks"/>
  <testcase name="testAgregarBusNull" time="0.001" classname="co.edu.icesi.miniproyecto.test.PruebasConMocks"/>
  <testcase name="testAgregarBusNull" time="0.001" classname="co.edu.icesi.miniproyecto.test.PruebasConMocks"/>
  <testcase name="testAgregarBusTipoInvalido" time="0.001" classname="co.edu.icesi.miniproyecto.test.PruebasConMocks"/>
  <testcase name="testAgregarBusTipoInvalido" time="0.001" classname="co.edu.icesi.miniproyecto.test.PruebasConMocks"/>
  <testcase name="testAgregarBusTipoValido" time="0.004" classname="co.edu.icesi.miniproyecto.test.PruebasConMocks"/>
  <testcase name="testAgregarBusTipoValido" time="0.004" classname="co.edu.icesi.miniproyecto.test.PruebasConMocks"/>
  <testcase name="testAgregarConductorFechasInconsistentes" time="0.001" classname="co.edu.icesi.miniproyecto.test.PruebasConMocks"/>
  <testcase name="testAgregarConductorFechasInconsistentes" time="0.001" classname="co.edu.icesi.miniproyecto.test.PruebasConMocks"/>
  <testcase name="testAgregarConductorFechasValidas" time="0.002" classname="co.edu.icesi.miniproyecto.test.PruebasConMocks"/>
  <testcase name="testAgregarConductorFechasValidas" time="0.002" classname="co.edu.icesi.miniproyecto.test.PruebasConMocks"/>
  <testcase name="testAgregarConductorNull" time="0.004" classname="co.edu.icesi.miniproyecto.test.PruebasConMocks"/>
  <testcase name="testAgregarConductorNull" time="0.004" classname="co.edu.icesi.miniproyecto.test.PruebasConMocks"/>
  <testcase name="testAgregarRutaDiaFinValido" time="0.002" classname="co.edu.icesi.miniproyecto.test.PruebasConMocks"/>
  <testcase name="testAgregarRutaDiaFinValido" time="0.002" classname="co.edu.icesi.miniproyecto.test.PruebasConMocks"/>
  <testcase name="testAgregarRutaDiaInicioValido" time="0.001" classname="co.edu.icesi.miniproyecto.test.PruebasConMocks"/>
  <testcase name="testAgregarRutaDiaInicioValido" time="0.001" classname="co.edu.icesi.miniproyecto.test.PruebasConMocks"/>
  <testcase name="testAgregarRutaDiasInconsistentes" time="0.0" classname="co.edu.icesi.miniproyecto.test.PruebasConMocks"/>
  <testcase name="testAgregarRutaDiasInconsistentes" time="0.0" classname="co.edu.icesi.miniproyecto.test.PruebasConMocks"/>
  <testcase name="testAgregarRutaHoraFinValida" time="0.002" classname="co.edu.icesi.miniproyecto.test.PruebasConMocks"/>
  <testcase name="testAgregarRutaHoraFinValida" time="0.002" classname="co.edu.icesi.miniproyecto.test.PruebasConMocks"/>
  <testcase name="testAgregarRutaHoraInicioValida" time="0.003" classname="co.edu.icesi.miniproyecto.test.PruebasConMocks"/>
  <testcase name="testAgregarRutaHoraInicioValida" time="0.003" classname="co.edu.icesi.miniproyecto.test.PruebasConMocks"/>
  <testcase name="testAgregarRutaHorasInconsistentes" time="0.001" classname="co.edu.icesi.miniproyecto.test.PruebasConMocks"/>
  <testcase name="testAgregarRutaHorasInconsistentes" time="0.001" classname="co.edu.icesi.miniproyecto.test.PruebasConMocks"/>
  <testcase name="testAgregarRutaNull" time="0.001" classname="co.edu.icesi.miniproyecto.test.PruebasConMocks"/>
  <testcase name="testAgregarRutaNull" time="0.001" classname="co.edu.icesi.miniproyecto.test.PruebasConMocks"/>
  <testcase name="testAgregarServicioBusNoRegistrado" time="0.002" classname="co.edu.icesi.miniproyecto.test.PruebasConMocks"/>
  <testcase name="testAgregarServicioBusNoRegistrado" time="0.002" classname="co.edu.icesi.miniproyecto.test.PruebasConMocks"/>
  <testcase name="testAgregarServicioBusNull" time="0.002" classname="co.edu.icesi.miniproyecto.test.PruebasConMocks"/>
  <testcase name="testAgregarServicioBusNull" time="0.002" classname="co.edu.icesi.miniproyecto.test.PruebasConMocks"/>
  <testcase name="testAgregarServicioConductorNoRegistrado" time="0.002" classname="co.edu.icesi.miniproyecto.test.PruebasConMocks"/>
  <testcase name="testAgregarServicioConductorNoRegistrado" time="0.002" classname="co.edu.icesi.miniproyecto.test.PruebasConMocks"/>
  <testcase name="testAgregarServicioConductorNull" time="0.0" classname="co.edu.icesi.miniproyecto.test.PruebasConMocks"/>
  <testcase name="testAgregarServicioConductorNull" time="0.0" classname="co.edu.icesi.miniproyecto.test.PruebasConMocks"/>
  <testcase name="testAgregarServicioFechasInconsistentes" time="0.002" classname="co.edu.icesi.miniproyecto.test.PruebasConMocks"/>
  <testcase name="testAgregarServicioFechasInconsistentes" time="0.002" classname="co.edu.icesi.miniproyecto.test.PruebasConMocks"/>
  <testcase name="testAgregarServicioFechasValidas" time="0.003" classname="co.edu.icesi.miniproyecto.test.PruebasConMocks"/>
  <testcase name="testAgregarServicioFechasValidas" time="0.003" classname="co.edu.icesi.miniproyecto.test.PruebasConMocks"/>
  <testcase name="testAgregarServicioRutaNoRegistrada" time="0.002" classname="co.edu.icesi.miniproyecto.test.PruebasConMocks"/>
  <testcase name="testAgregarServicioRutaNoRegistrada" time="0.002" classname="co.edu.icesi.miniproyecto.test.PruebasConMocks"/>
  <testcase name="testAgregarServicioRutaNull" time="0.0" classname="co.edu.icesi.miniproyecto.test.PruebasConMocks"/>
  <testcase name="testAgregarServicioRutaNull" time="0.0" classname="co.edu.icesi.miniproyecto.test.PruebasConMocks"/>
  <testcase name="testAgregarServicio_BCR_Validos" time="0.002" classname="co.edu.icesi.miniproyecto.test.PruebasConMocks"/>
  <testcase name="testAgregarServicio_BCR_Validos" time="0.002" classname="co.edu.icesi.miniproyecto.test.PruebasConMocks"/>
</testsuite> <!-- Default test -->
