<?xml version="1.0" encoding="UTF-8"?>
<!-- Generated by org.testng.reporters.JUnitXMLReporter -->
<testsuite hostname="DESKTOP-O4HFI41" name="GRP-TestConductor" tests="6" failures="0" timestamp="15 Sep 2019 18:51:06 GMT" time="0.234" errors="0">
  <testcase name="testAgregarConductorFechasInconsistentes" time="0.016" classname="co.edu.icesi.miniproyecto.test.TestClass"/>
  <testcase name="testAgregarConductorFechasInconsistentes" time="0.016" classname="co.edu.icesi.miniproyecto.test.TestClass"/>
  <testcase name="testAgregarConductorFechasValidas" time="0.016" classname="co.edu.icesi.miniproyecto.test.TestClass"/>
  <testcase name="testAgregarConductorFechasValidas" time="0.016" classname="co.edu.icesi.miniproyecto.test.TestClass"/>
  <testcase name="testAgregarConductorNull" time="0.0" classname="co.edu.icesi.miniproyecto.test.TestClass"/>
  <testcase name="testAgregarConductorNull" time="0.0" classname="co.edu.icesi.miniproyecto.test.TestClass"/>
</testsuite> <!-- GRP-TestConductor -->
