<?xml version="1.0" encoding="UTF-8"?>
<!-- Generated by org.testng.reporters.JUnitXMLReporter -->
<testsuite hostname="DESKTOP-O4HFI41" name="GRP-TestBus" tests="10" failures="0" timestamp="13 Sep 2019 21:46:19 GMT" time="0.343" errors="0">
  <testcase name="testAgregarBusCapacidadInvalida" time="0.015" classname="co.edu.icesi.miniproyecto.test.TestClass"/>
  <testcase name="testAgregarBusCapacidadInvalida" time="0.015" classname="co.edu.icesi.miniproyecto.test.TestClass"/>
  <testcase name="testAgregarBusCapacidadValida" time="0.024" classname="co.edu.icesi.miniproyecto.test.TestClass"/>
  <testcase name="testAgregarBusCapacidadValida" time="0.024" classname="co.edu.icesi.miniproyecto.test.TestClass"/>
  <testcase name="testAgregarBusNull" time="0.002" classname="co.edu.icesi.miniproyecto.test.TestClass"/>
  <testcase name="testAgregarBusNull" time="0.002" classname="co.edu.icesi.miniproyecto.test.TestClass"/>
  <testcase name="testAgregarBusTipoInvalido" time="0.001" classname="co.edu.icesi.miniproyecto.test.TestClass"/>
  <testcase name="testAgregarBusTipoInvalido" time="0.001" classname="co.edu.icesi.miniproyecto.test.TestClass"/>
  <testcase name="testAgregarBusTipoValido" time="0.004" classname="co.edu.icesi.miniproyecto.test.TestClass"/>
  <testcase name="testAgregarBusTipoValido" time="0.004" classname="co.edu.icesi.miniproyecto.test.TestClass"/>
</testsuite> <!-- GRP-TestBus -->
